Loading checkpoint: saved/models/hundred_default_config/1017_151146/checkpoint-epoch4.pth ...
Warning: Optimizer or lr_scheduler given in config file is different from that of checkpoint. Optimizer parameters not being resumed.
Checkpoint loaded. Resume training from epoch 5
['', '▁in', 'i', 'en', 'g', 'n', 'as', 'ed', '</s>', 'z', '_', '▁o', 'm', 'nd', 'r', 'in', 'e', 'a', '▁s', 'is', '▁h', '▁th', '▁d', 'ou', 'f', '▁f', '▁he', 'o', 'he', '▁t', '▁p', 'l', 'at', 'k', '▁n', 'an', 'u', 's', '<unk>', '▁l', 'w', 'es', 'd', '▁w', '<s>', '▁c', 'it', 'c', '▁i', '▁', 'v', 'j', 'h', 'er', 'q', '▁b', 'y', 're', 'p', 'b', '▁to', 'ar', '▁a', 'ing', 'or', 't', 'x', '▁of', 'on', '▁and', '▁m', 'll', '▁the']
inside
here
almost
train:   0%|          | 0/951 [00:00<?, ?it/s]








































train:  11%|█         | 100/951 [01:25<11:18,  1.25it/s]







































train:  21%|██        | 199/951 [02:47<10:03,  1.25it/s]









































train:  32%|███▏      | 300/951 [04:09<08:43,  1.24it/s]









































train:  42%|████▏     | 400/951 [05:33<07:25,  1.24it/s]







































train:  53%|█████▎    | 500/951 [06:53<06:11,  1.21it/s]






































train:  63%|██████▎   | 599/951 [08:12<04:38,  1.26it/s]







































train:  74%|███████▎  | 699/951 [09:31<03:22,  1.24it/s]







































train:  84%|████████▍ | 800/951 [10:51<01:56,  1.30it/s]







































train:  95%|█████████▍| 900/951 [12:11<00:39,  1.28it/s]


















train: 100%|██████████| 951/951 [12:51<00:00,  1.23it/s]












































val:  17%|█▋        | 44/262 [02:17<11:48,  3.25s/it]

val:  17%|█▋        | 44/262 [02:20<11:34,  3.19s/it]
