Loading checkpoint: saved/models/hundred_default_config/1017_153145/checkpoint-epoch5.pth ...
Warning: Optimizer or lr_scheduler given in config file is different from that of checkpoint. Optimizer parameters not being resumed.
Checkpoint loaded. Resume training from epoch 6
train:   0%|          | 0/1855 [00:00<?, ?it/s]
['', '▁n', '▁s', 'h', 'in', '▁w', 'at', '▁of', 'ar', 'n', '▁f', '▁i', 'or', 'z', '▁c', 'll', 're', 'on', '▁', '<s>', '▁and', '▁t', 'k', '▁l', 'en', 'ou', '</s>', 'es', '▁th', 'g', 'q', '▁p', 'is', 'x', 'j', 'ed', 'as', 'nd', '▁m', 'i', 'e', 'l', '▁to', 't', '▁h', 'w', 'u', 'd', '▁o', 'y', 'v', 'b', 'm', '▁b', '<unk>', 'he', 'a', '_', 'o', '▁a', 'er', 'ing', 's', 'p', '▁he', '▁in', '▁d', 'f', 'it', '▁the', 'an', 'c', 'r']
inside
here
almost


































train:   5%|▌         | 100/1855 [01:12<20:43,  1.41it/s]



































train:  11%|█         | 200/1855 [02:24<18:31,  1.49it/s]


































train:  16%|█▌        | 300/1855 [03:34<19:09,  1.35it/s]


































train:  22%|██▏       | 400/1855 [04:44<17:07,  1.42it/s]


































train:  27%|██▋       | 500/1855 [05:53<15:22,  1.47it/s]


































train:  32%|███▏      | 600/1855 [07:02<13:59,  1.50it/s]

































train:  38%|███▊      | 700/1855 [08:11<12:32,  1.54it/s]

































train:  43%|████▎     | 800/1855 [09:19<11:54,  1.48it/s]

































train:  49%|████▊     | 900/1855 [10:28<10:52,  1.46it/s]


































train:  54%|█████▍    | 1000/1855 [11:37<09:52,  1.44it/s]


































train:  59%|█████▉    | 1100/1855 [12:47<08:51,  1.42it/s]


































train:  65%|██████▍   | 1200/1855 [13:57<07:36,  1.44it/s]


































train:  70%|███████   | 1300/1855 [15:07<06:43,  1.37it/s]


































train:  75%|███████▌  | 1400/1855 [16:17<05:18,  1.43it/s]


































train:  81%|████████  | 1500/1855 [17:26<04:08,  1.43it/s]


































train:  86%|████████▋ | 1600/1855 [18:35<02:50,  1.50it/s]



































train:  92%|█████████▏| 1700/1855 [19:45<01:49,  1.42it/s]


































train:  97%|█████████▋| 1800/1855 [20:54<00:37,  1.45it/s]

















train: 100%|██████████| 1855/1855 [21:31<00:00,  1.44it/s]






































val: 100%|██████████| 262/262 [01:47<00:00,  2.44it/s]
    epoch          : 6
    loss           : 0.9525841253995896
    grad norm      : 1.634185106754303
    WER (ARG)      : 0.7116108516720818
    CER (ARG)      : 0.43497492723523623
    CER (BMS)      : 0
    WER (BMS)      : 0
    val_loss       : 0.8423450084133003
    val_WER (ARG)  : 0.6767402910244797
    val_CER (ARG)  : 0.4061547783224526
    val_CER (BMS)  : 0.6041929791678159
    val_WER (BMS)  : 1.8477258658537763
Saving current best: model_best.pth ...
almost
train:   0%|          | 0/1855 [00:00<?, ?it/s]
































train:   5%|▌         | 98/1855 [01:10<19:32,  1.50it/s]


































train:  11%|█         | 200/1855 [02:20<18:51,  1.46it/s]































train:  16%|█▌        | 298/1855 [03:28<18:31,  1.40it/s]

































train:  21%|██▏       | 398/1855 [04:36<15:58,  1.52it/s]


































train:  27%|██▋       | 500/1855 [05:47<16:02,  1.41it/s]

































train:  32%|███▏      | 598/1855 [06:55<14:06,  1.48it/s]

































train:  38%|███▊      | 698/1855 [08:05<13:19,  1.45it/s]


































train:  43%|████▎     | 799/1855 [09:15<12:23,  1.42it/s]



































train:  48%|████▊     | 899/1855 [10:25<10:45,  1.48it/s]



































train:  54%|█████▍    | 999/1855 [11:36<09:54,  1.44it/s]



































train:  59%|█████▉    | 1100/1855 [12:47<08:37,  1.46it/s]

































train:  65%|██████▍   | 1199/1855 [13:55<07:24,  1.48it/s]


































train:  70%|██████▉   | 1298/1855 [15:03<06:09,  1.51it/s]


































train:  75%|███████▌  | 1398/1855 [16:13<05:10,  1.47it/s]


































train:  81%|████████  | 1500/1855 [17:23<03:57,  1.50it/s]

































train:  86%|████████▌ | 1598/1855 [18:31<03:10,  1.35it/s]


































train:  92%|█████████▏| 1700/1855 [19:42<01:40,  1.55it/s]


































train:  97%|█████████▋| 1800/1855 [20:51<00:37,  1.46it/s]


















train: 100%|██████████| 1855/1855 [21:30<00:00,  1.44it/s]











































val: 100%|██████████| 262/262 [01:47<00:00,  2.43it/s]
    epoch          : 7
    loss           : 0.8527848327159882
    grad norm      : 1.5504855060577392
    WER (ARG)      : 0.676164059580932
    CER (ARG)      : 0.41418526058578947
    CER (BMS)      : 0
    WER (BMS)      : 0
    val_loss       : 0.7637414115530844
    val_WER (ARG)  : 0.6607013118868938
    val_CER (ARG)  : 0.39414676441886076
    val_CER (BMS)  : 0.5730947162261543
    val_WER (BMS)  : 1.8049919879319698
train:   0%|          | 0/1855 [00:00<?, ?it/s]
Saving current best: model_best.pth ...
almost

































train:   5%|▌         | 100/1855 [01:11<19:51,  1.47it/s]

































train:  11%|█         | 199/1855 [02:19<18:56,  1.46it/s]



































train:  16%|█▌        | 300/1855 [03:29<17:53,  1.45it/s]

































train:  22%|██▏       | 399/1855 [04:38<16:39,  1.46it/s]


































train:  27%|██▋       | 498/1855 [05:47<16:16,  1.39it/s]


































train:  32%|███▏      | 599/1855 [06:58<14:05,  1.48it/s]



































train:  38%|███▊      | 699/1855 [08:08<13:21,  1.44it/s]




































train:  43%|████▎     | 800/1855 [09:19<12:46,  1.38it/s]


































train:  49%|████▊     | 900/1855 [10:29<10:46,  1.48it/s]

































train:  54%|█████▍    | 1000/1855 [11:38<09:48,  1.45it/s]



































train:  59%|█████▉    | 1100/1855 [12:49<08:54,  1.41it/s]

































train:  65%|██████▍   | 1200/1855 [13:58<07:23,  1.48it/s]


































train:  70%|███████   | 1300/1855 [15:08<06:34,  1.41it/s]

































train:  75%|███████▌  | 1399/1855 [16:16<05:18,  1.43it/s]



































train:  81%|████████  | 1499/1855 [17:27<03:59,  1.49it/s]



































train:  86%|████████▋ | 1600/1855 [18:37<02:57,  1.44it/s]


































train:  92%|█████████▏| 1700/1855 [19:46<01:50,  1.40it/s]


































train:  97%|█████████▋| 1799/1855 [20:57<00:40,  1.39it/s]



















train: 100%|██████████| 1855/1855 [21:36<00:00,  1.43it/s]




































val: 100%|██████████| 262/262 [01:45<00:00,  2.49it/s]
train:   0%|          | 0/1855 [00:00<?, ?it/s]
    epoch          : 8
    loss           : 0.7678409850597382
    grad norm      : 1.5255217826366425
    WER (ARG)      : 0.6408261055014518
    CER (ARG)      : 0.39407546311210756
    CER (BMS)      : 0
    WER (BMS)      : 0
    val_loss       : 0.7038616799671231
    val_WER (ARG)  : 0.6179579758044699
    val_CER (ARG)  : 0.3764657548580948
    val_CER (BMS)  : 0.5934209312978632
    val_WER (BMS)  : 1.8673244228625607
Saving current best: model_best.pth ...
almost


































train:   5%|▌         | 100/1855 [01:11<20:21,  1.44it/s]

































train:  11%|█         | 200/1855 [02:20<18:38,  1.48it/s]

































train:  16%|█▌        | 299/1855 [03:28<17:29,  1.48it/s]



































train:  22%|██▏       | 399/1855 [04:38<16:36,  1.46it/s]
















train:  24%|██▍       | 445/1855 [05:10<15:28,  1.52it/s]

train:  24%|██▍       | 445/1855 [05:13<16:31,  1.42it/s]
